<?xml version="1.0" encoding="UTF-8"?>
<testng-results skipped="0" failed="0" ignored="0" total="1" passed="1">
  <reporter-output>
  </reporter-output>
  <suite name="Suite" duration-ms="16518" started-at="2021-08-01T09:28:11Z" finished-at="2021-08-01T09:28:28Z">
    <groups>
    </groups>
    <test name="Test" duration-ms="16518" started-at="2021-08-01T09:28:11Z" finished-at="2021-08-01T09:28:28Z">
      <class name="TestCases.TC_001">
        <test-method status="PASS" signature="VerifyFBLogin()[pri:0, instance:TestCases.TC_001@724af044]" name="VerifyFBLogin" duration-ms="16461" started-at="2021-08-01T09:28:11Z" finished-at="2021-08-01T09:28:28Z">
          <reporter-output>
          </reporter-output>
        </test-method> <!-- VerifyFBLogin -->
      </class> <!-- TestCases.TC_001 -->
    </test> <!-- Test -->
  </suite> <!-- Suite -->
</testng-results>
